2018-12-16 18:41:45,152 CRIT Supervisor running as root (no user in config file)
2018-12-16 18:41:45,152 INFO Included extra file "/etc/supervisor/conf.d/supervisord.conf" during parsing
2018-12-16 18:41:45,172 INFO RPC interface 'supervisor' initialized
2018-12-16 18:41:45,173 CRIT Server 'unix_http_server' running without any HTTP authentication checking
2018-12-16 18:41:45,173 INFO supervisord started with pid 1
2018-12-16 18:41:46,179 INFO spawned: 'varnishd' with pid 15
2018-12-16 18:41:46,186 INFO spawned: 'php-fpm' with pid 16
2018-12-16 18:41:46,193 INFO spawned: 'varnish-plugins-watcher' with pid 17
2018-12-16 18:41:46,203 INFO spawned: 'nginx' with pid 18
2018-12-16 18:41:46,222 INFO spawned: 'MailHog' with pid 19
2018-12-16 18:41:46,245 INFO spawned: 'mysql' with pid 22
2018-12-16 18:41:46,256 INFO spawned: 'varnish-themes-watcher' with pid 23
2018-12-16 18:41:47,378 INFO success: varnishd entered RUNNING state, process has stayed up for > than 1 seconds (startsecs)
2018-12-16 18:41:47,381 INFO success: php-fpm entered RUNNING state, process has stayed up for > than 1 seconds (startsecs)
2018-12-16 18:41:47,381 INFO success: varnish-plugins-watcher entered RUNNING state, process has stayed up for > than 1 seconds (startsecs)
2018-12-16 18:41:47,383 INFO success: nginx entered RUNNING state, process has stayed up for > than 1 seconds (startsecs)
2018-12-16 18:41:47,384 INFO success: MailHog entered RUNNING state, process has stayed up for > than 1 seconds (startsecs)
2018-12-16 18:41:47,384 INFO success: mysql entered RUNNING state, process has stayed up for > than 1 seconds (startsecs)
2018-12-16 18:41:47,385 INFO success: varnish-themes-watcher entered RUNNING state, process has stayed up for > than 1 seconds (startsecs)
2019-01-04 19:08:10,502 WARN received SIGTERM indicating exit request
2019-01-04 19:08:10,510 INFO waiting for varnishd, php-fpm, varnish-plugins-watcher, nginx, MailHog, mysql, varnish-themes-watcher to die
2019-01-04 19:08:11,513 INFO stopped: varnish-themes-watcher (terminated by SIGTERM)
2019-01-04 19:08:11,543 INFO stopped: mysql (exit status 0)
2019-01-04 19:08:11,544 INFO stopped: MailHog (terminated by SIGTERM)
2019-01-04 19:08:11,547 INFO stopped: nginx (exit status 0)
2019-01-04 19:08:12,549 INFO stopped: varnish-plugins-watcher (terminated by SIGTERM)
2019-01-04 19:08:12,576 INFO stopped: php-fpm (exit status 0)
2019-01-04 19:08:12,724 INFO reaped unknown pid 30899
2019-01-04 19:08:12,992 INFO reaped unknown pid 33
2019-01-04 19:08:13,578 INFO waiting for varnishd to die
2019-01-04 19:08:13,757 INFO stopped: varnishd (exit status 0)
2019-01-04 19:08:22,250 CRIT Supervisor running as root (no user in config file)
2019-01-04 19:08:22,250 INFO Included extra file "/etc/supervisor/conf.d/supervisord.conf" during parsing
2019-01-04 19:08:22,388 INFO RPC interface 'supervisor' initialized
2019-01-04 19:08:22,396 CRIT Server 'unix_http_server' running without any HTTP authentication checking
2019-01-04 19:08:22,397 INFO supervisord started with pid 1
2019-01-04 19:08:23,402 INFO spawned: 'varnishd' with pid 51
2019-01-04 19:08:23,406 INFO spawned: 'php-fpm' with pid 52
2019-01-04 19:08:23,409 INFO spawned: 'varnish-plugins-watcher' with pid 53
2019-01-04 19:08:23,417 INFO spawned: 'nginx' with pid 54
2019-01-04 19:08:23,432 INFO spawned: 'MailHog' with pid 55
2019-01-04 19:08:23,447 INFO spawned: 'mysql' with pid 57
2019-01-04 19:08:23,465 INFO spawned: 'varnish-themes-watcher' with pid 59
2019-01-04 19:08:24,606 INFO success: varnishd entered RUNNING state, process has stayed up for > than 1 seconds (startsecs)
2019-01-04 19:08:24,607 INFO success: php-fpm entered RUNNING state, process has stayed up for > than 1 seconds (startsecs)
2019-01-04 19:08:24,607 INFO success: varnish-plugins-watcher entered RUNNING state, process has stayed up for > than 1 seconds (startsecs)
2019-01-04 19:08:24,607 INFO success: nginx entered RUNNING state, process has stayed up for > than 1 seconds (startsecs)
2019-01-04 19:08:24,607 INFO success: MailHog entered RUNNING state, process has stayed up for > than 1 seconds (startsecs)
2019-01-04 19:08:24,607 INFO success: mysql entered RUNNING state, process has stayed up for > than 1 seconds (startsecs)
2019-01-04 19:08:24,607 INFO success: varnish-themes-watcher entered RUNNING state, process has stayed up for > than 1 seconds (startsecs)
2019-01-04 19:44:22,287 CRIT Supervisor running as root (no user in config file)
2019-01-04 19:44:22,290 INFO Included extra file "/etc/supervisor/conf.d/supervisord.conf" during parsing
2019-01-04 19:44:22,679 INFO RPC interface 'supervisor' initialized
2019-01-04 19:44:22,679 CRIT Server 'unix_http_server' running without any HTTP authentication checking
2019-01-04 19:44:22,680 INFO supervisord started with pid 1
2019-01-04 19:44:23,686 INFO spawned: 'varnishd' with pid 53
2019-01-04 19:44:23,692 INFO spawned: 'php-fpm' with pid 54
2019-01-04 19:44:23,695 INFO spawned: 'varnish-plugins-watcher' with pid 55
2019-01-04 19:44:23,699 INFO spawned: 'nginx' with pid 56
2019-01-04 19:44:23,714 INFO spawned: 'MailHog' with pid 57
2019-01-04 19:44:23,734 INFO spawned: 'mysql' with pid 58
2019-01-04 19:44:23,766 INFO spawned: 'varnish-themes-watcher' with pid 59
2019-01-04 19:44:24,917 INFO success: varnishd entered RUNNING state, process has stayed up for > than 1 seconds (startsecs)
2019-01-04 19:44:24,917 INFO success: php-fpm entered RUNNING state, process has stayed up for > than 1 seconds (startsecs)
2019-01-04 19:44:24,918 INFO success: varnish-plugins-watcher entered RUNNING state, process has stayed up for > than 1 seconds (startsecs)
2019-01-04 19:44:24,918 INFO success: nginx entered RUNNING state, process has stayed up for > than 1 seconds (startsecs)
2019-01-04 19:44:24,918 INFO success: MailHog entered RUNNING state, process has stayed up for > than 1 seconds (startsecs)
2019-01-04 19:44:24,918 INFO success: mysql entered RUNNING state, process has stayed up for > than 1 seconds (startsecs)
2019-01-04 19:44:24,918 INFO success: varnish-themes-watcher entered RUNNING state, process has stayed up for > than 1 seconds (startsecs)
2019-01-04 19:44:26,680 INFO exited: mysql (exit status 0; expected)
2019-01-04 19:44:26,775 INFO spawned: 'mysql' with pid 333
2019-01-04 19:44:27,777 INFO success: mysql entered RUNNING state, process has stayed up for > than 1 seconds (startsecs)
2019-01-04 19:52:32,649 WARN received SIGTERM indicating exit request
2019-01-04 19:52:32,649 INFO waiting for varnishd, php-fpm, varnish-plugins-watcher, nginx, MailHog, mysql, varnish-themes-watcher to die
2019-01-04 19:52:32,650 INFO stopped: varnish-themes-watcher (terminated by SIGTERM)
2019-01-04 19:52:32,672 INFO stopped: mysql (exit status 0)
2019-01-04 19:52:32,677 INFO stopped: MailHog (terminated by SIGTERM)
2019-01-04 19:52:32,684 INFO stopped: nginx (exit status 0)
2019-01-04 19:52:33,692 INFO stopped: varnish-plugins-watcher (terminated by SIGTERM)
2019-01-04 19:52:33,703 INFO stopped: php-fpm (exit status 0)
2019-01-04 19:52:34,114 INFO reaped unknown pid 770
2019-01-04 19:52:34,125 INFO reaped unknown pid 772
2019-01-04 19:52:34,444 INFO reaped unknown pid 340
2019-01-04 19:52:34,847 INFO stopped: varnishd (exit status 0)
2019-01-04 19:52:45,986 CRIT Supervisor running as root (no user in config file)
2019-01-04 19:52:45,986 INFO Included extra file "/etc/supervisor/conf.d/supervisord.conf" during parsing
2019-01-04 19:52:46,019 INFO RPC interface 'supervisor' initialized
2019-01-04 19:52:46,028 CRIT Server 'unix_http_server' running without any HTTP authentication checking
2019-01-04 19:52:46,030 INFO supervisord started with pid 1
2019-01-04 19:52:47,035 INFO spawned: 'varnishd' with pid 53
2019-01-04 19:52:47,041 INFO spawned: 'php-fpm' with pid 54
2019-01-04 19:52:47,043 INFO spawned: 'varnish-plugins-watcher' with pid 55
2019-01-04 19:52:47,048 INFO spawned: 'nginx' with pid 56
2019-01-04 19:52:47,066 INFO spawned: 'MailHog' with pid 57
2019-01-04 19:52:47,077 INFO spawned: 'mysql' with pid 58
2019-01-04 19:52:47,105 INFO spawned: 'varnish-themes-watcher' with pid 60
2019-01-04 19:52:48,195 INFO success: varnishd entered RUNNING state, process has stayed up for > than 1 seconds (startsecs)
2019-01-04 19:52:48,196 INFO success: php-fpm entered RUNNING state, process has stayed up for > than 1 seconds (startsecs)
2019-01-04 19:52:48,196 INFO success: varnish-plugins-watcher entered RUNNING state, process has stayed up for > than 1 seconds (startsecs)
2019-01-04 19:52:48,196 INFO success: nginx entered RUNNING state, process has stayed up for > than 1 seconds (startsecs)
2019-01-04 19:52:48,196 INFO success: MailHog entered RUNNING state, process has stayed up for > than 1 seconds (startsecs)
2019-01-04 19:52:48,196 INFO success: mysql entered RUNNING state, process has stayed up for > than 1 seconds (startsecs)
2019-01-04 19:52:48,197 INFO success: varnish-themes-watcher entered RUNNING state, process has stayed up for > than 1 seconds (startsecs)
2019-01-05 10:53:23,689 WARN received SIGTERM indicating exit request
2019-01-05 10:53:23,690 INFO waiting for varnishd, php-fpm, varnish-plugins-watcher, nginx, MailHog, mysql, varnish-themes-watcher to die
2019-01-05 10:53:23,691 INFO stopped: varnish-themes-watcher (terminated by SIGTERM)
2019-01-05 10:53:23,707 INFO stopped: mysql (exit status 0)
2019-01-05 10:53:23,708 INFO stopped: MailHog (terminated by SIGTERM)
2019-01-05 10:53:23,712 INFO stopped: nginx (exit status 0)
2019-01-05 10:53:24,714 INFO stopped: varnish-plugins-watcher (terminated by SIGTERM)
2019-01-05 10:53:24,732 INFO stopped: php-fpm (exit status 0)
2019-01-05 10:53:24,865 INFO reaped unknown pid 73
2019-01-05 10:53:25,927 INFO stopped: varnishd (exit status 0)
2019-01-05 10:53:33,629 CRIT Supervisor running as root (no user in config file)
2019-01-05 10:53:33,629 INFO Included extra file "/etc/supervisor/conf.d/supervisord.conf" during parsing
2019-01-05 10:53:33,661 INFO RPC interface 'supervisor' initialized
2019-01-05 10:53:33,672 CRIT Server 'unix_http_server' running without any HTTP authentication checking
2019-01-05 10:53:33,672 INFO supervisord started with pid 1
2019-01-05 10:53:34,679 INFO spawned: 'varnishd' with pid 52
2019-01-05 10:53:34,684 INFO spawned: 'php-fpm' with pid 53
2019-01-05 10:53:34,692 INFO spawned: 'varnish-plugins-watcher' with pid 54
2019-01-05 10:53:34,695 INFO spawned: 'nginx' with pid 55
2019-01-05 10:53:34,711 INFO spawned: 'MailHog' with pid 56
2019-01-05 10:53:34,721 INFO spawned: 'mysql' with pid 57
2019-01-05 10:53:34,728 INFO spawned: 'varnish-themes-watcher' with pid 58
2019-01-05 10:53:35,820 INFO success: varnishd entered RUNNING state, process has stayed up for > than 1 seconds (startsecs)
2019-01-05 10:53:35,821 INFO success: php-fpm entered RUNNING state, process has stayed up for > than 1 seconds (startsecs)
2019-01-05 10:53:35,821 INFO success: varnish-plugins-watcher entered RUNNING state, process has stayed up for > than 1 seconds (startsecs)
2019-01-05 10:53:35,822 INFO success: nginx entered RUNNING state, process has stayed up for > than 1 seconds (startsecs)
2019-01-05 10:53:35,822 INFO success: MailHog entered RUNNING state, process has stayed up for > than 1 seconds (startsecs)
2019-01-05 10:53:35,822 INFO success: mysql entered RUNNING state, process has stayed up for > than 1 seconds (startsecs)
2019-01-05 10:53:35,822 INFO success: varnish-themes-watcher entered RUNNING state, process has stayed up for > than 1 seconds (startsecs)
