[17-Dec-2018 19:26:26 UTC] PHP Parse error:  syntax error, unexpected 'endif' (T_ENDIF), expecting end of file in /app/public/wp-content/themes/edread/template-parts/content-page.php on line 51
[17-Dec-2018 19:26:28 UTC] PHP Parse error:  syntax error, unexpected 'endif' (T_ENDIF), expecting end of file in /app/public/wp-content/themes/edread/template-parts/content-page.php on line 51
[17-Dec-2018 19:26:29 UTC] PHP Parse error:  syntax error, unexpected 'endif' (T_ENDIF), expecting end of file in /app/public/wp-content/themes/edread/template-parts/content-page.php on line 51
[18-Dec-2018 21:16:28 UTC] PHP Parse error:  syntax error, unexpected end of file, expecting elseif (T_ELSEIF) or else (T_ELSE) or endif (T_ENDIF) in /app/public/wp-content/themes/edread/template-parts/content-category.php on line 17
[18-Dec-2018 21:50:47 UTC] PHP Fatal error:  Uncaught Error: Call to undefined function image() in /app/public/wp-content/themes/edread/template-parts/content.php:18
Stack trace:
#0 /app/public/wp-includes/template.php(690): require()
#1 /app/public/wp-includes/template.php(647): load_template('/app/public/wp-...', false)
#2 /app/public/wp-includes/general-template.php(155): locate_template(Array, true, false)
#3 /app/public/wp-content/themes/edread/single.php(20): get_template_part('template-parts/...', 'post')
#4 /app/public/wp-includes/template-loader.php(74): include('/app/public/wp-...')
#5 /app/public/wp-blog-header.php(19): require_once('/app/public/wp-...')
#6 /app/public/index.php(17): require('/app/public/wp-...')
#7 {main}
  thrown in /app/public/wp-content/themes/edread/template-parts/content.php on line 18
[20-Dec-2018 13:56:54 UTC] PHP Fatal error:  Uncaught Error: Call to undefined function kateleahy_post_thumbnail() in /app/public/wp-content/themes/edread/template-parts/content-about.php:47
Stack trace:
#0 /app/public/wp-includes/template.php(690): require()
#1 /app/public/wp-includes/template.php(647): load_template('/app/public/wp-...', false)
#2 /app/public/wp-includes/general-template.php(155): locate_template(Array, true, false)
#3 /app/public/wp-content/themes/edread/template-parts/about.php(25): get_template_part('template-parts/...')
#4 /app/public/wp-includes/template-loader.php(74): include('/app/public/wp-...')
#5 /app/public/wp-blog-header.php(19): require_once('/app/public/wp-...')
#6 /app/public/index.php(17): require('/app/public/wp-...')
#7 {main}
  thrown in /app/public/wp-content/themes/edread/template-parts/content-about.php on line 47
[20-Dec-2018 13:57:18 UTC] PHP Fatal error:  Uncaught Error: Call to undefined function kateleahy_post_thumbnail() in /app/public/wp-content/themes/edread/template-parts/content-about.php:47
Stack trace:
#0 /app/public/wp-includes/template.php(690): require()
#1 /app/public/wp-includes/template.php(647): load_template('/app/public/wp-...', false)
#2 /app/public/wp-includes/general-template.php(155): locate_template(Array, true, false)
#3 /app/public/wp-content/themes/edread/about.php(25): get_template_part('template-parts/...')
#4 /app/public/wp-includes/template-loader.php(74): include('/app/public/wp-...')
#5 /app/public/wp-blog-header.php(19): require_once('/app/public/wp-...')
#6 /app/public/index.php(17): require('/app/public/wp-...')
#7 {main}
  thrown in /app/public/wp-content/themes/edread/template-parts/content-about.php on line 47
[20-Dec-2018 14:00:02 UTC] PHP Fatal error:  Uncaught Error: Call to undefined function kateleahy_post_thumbnail() in /app/public/wp-content/themes/edread/template-parts/content-about.php:41
Stack trace:
#0 /app/public/wp-includes/template.php(690): require()
#1 /app/public/wp-includes/template.php(647): load_template('/app/public/wp-...', false)
#2 /app/public/wp-includes/general-template.php(155): locate_template(Array, true, false)
#3 /app/public/wp-content/themes/edread/about.php(25): get_template_part('template-parts/...')
#4 /app/public/wp-includes/template-loader.php(74): include('/app/public/wp-...')
#5 /app/public/wp-blog-header.php(19): require_once('/app/public/wp-...')
#6 /app/public/index.php(17): require('/app/public/wp-...')
#7 {main}
  thrown in /app/public/wp-content/themes/edread/template-parts/content-about.php on line 41
[20-Dec-2018 14:02:46 UTC] PHP Warning:  require(/app/public/wp-content/themes/edread/template-parts/content-contact.php): failed to open stream: Success in /app/public/wp-includes/template.php on line 690
[20-Dec-2018 14:02:46 UTC] PHP Fatal error:  require(): Failed opening required '/app/public/wp-content/themes/edread/template-parts/content-contact.php' (include_path='.:/usr/share/php:/www/wp-content/pear') in /app/public/wp-includes/template.php on line 690
[26-Dec-2018 11:05:19 UTC] PHP Fatal error:  Uncaught Error: Call to undefined function get_image_attachment() in /app/public/wp-content/themes/edread/template-parts/content.php:29
Stack trace:
#0 /app/public/wp-includes/template.php(690): require()
#1 /app/public/wp-includes/template.php(647): load_template('/app/public/wp-...', false)
#2 /app/public/wp-includes/general-template.php(155): locate_template(Array, true, false)
#3 /app/public/wp-content/themes/edread/single.php(20): get_template_part('template-parts/...', 'post')
#4 /app/public/wp-includes/template-loader.php(74): include('/app/public/wp-...')
#5 /app/public/wp-blog-header.php(19): require_once('/app/public/wp-...')
#6 /app/public/index.php(17): require('/app/public/wp-...')
#7 {main}
  thrown in /app/public/wp-content/themes/edread/template-parts/content.php on line 29
[26-Dec-2018 11:05:33 UTC] PHP Fatal error:  Uncaught Error: Call to undefined function get_image_attachment() in /app/public/wp-content/themes/edread/template-parts/content.php:29
Stack trace:
#0 /app/public/wp-includes/template.php(690): require()
#1 /app/public/wp-includes/template.php(647): load_template('/app/public/wp-...', false)
#2 /app/public/wp-includes/general-template.php(155): locate_template(Array, true, false)
#3 /app/public/wp-content/themes/edread/single.php(20): get_template_part('template-parts/...', 'post')
#4 /app/public/wp-includes/template-loader.php(74): include('/app/public/wp-...')
#5 /app/public/wp-blog-header.php(19): require_once('/app/public/wp-...')
#6 /app/public/index.php(17): require('/app/public/wp-...')
#7 {main}
  thrown in /app/public/wp-content/themes/edread/template-parts/content.php on line 29
[26-Dec-2018 11:06:08 UTC] PHP Fatal error:  Uncaught Error: Call to undefined function wp_get_image_attachment() in /app/public/wp-content/themes/edread/template-parts/content.php:29
Stack trace:
#0 /app/public/wp-includes/template.php(690): require()
#1 /app/public/wp-includes/template.php(647): load_template('/app/public/wp-...', false)
#2 /app/public/wp-includes/general-template.php(155): locate_template(Array, true, false)
#3 /app/public/wp-content/themes/edread/single.php(20): get_template_part('template-parts/...', 'post')
#4 /app/public/wp-includes/template-loader.php(74): include('/app/public/wp-...')
#5 /app/public/wp-blog-header.php(19): require_once('/app/public/wp-...')
#6 /app/public/index.php(17): require('/app/public/wp-...')
#7 {main}
  thrown in /app/public/wp-content/themes/edread/template-parts/content.php on line 29
[26-Dec-2018 11:06:12 UTC] PHP Fatal error:  Uncaught Error: Call to undefined function wp_get_image_attachment() in /app/public/wp-content/themes/edread/template-parts/content.php:29
Stack trace:
#0 /app/public/wp-includes/template.php(690): require()
#1 /app/public/wp-includes/template.php(647): load_template('/app/public/wp-...', false)
#2 /app/public/wp-includes/general-template.php(155): locate_template(Array, true, false)
#3 /app/public/wp-content/themes/edread/single.php(20): get_template_part('template-parts/...', 'post')
#4 /app/public/wp-includes/template-loader.php(74): include('/app/public/wp-...')
#5 /app/public/wp-blog-header.php(19): require_once('/app/public/wp-...')
#6 /app/public/index.php(17): require('/app/public/wp-...')
#7 {main}
  thrown in /app/public/wp-content/themes/edread/template-parts/content.php on line 29
[26-Dec-2018 12:22:27 UTC] PHP Parse error:  syntax error, unexpected ':' in /app/public/wp-content/themes/edread/template-parts/content.php on line 35
[28-Dec-2018 20:49:37 UTC] PHP Fatal error:  Uncaught ArgumentCountError: Too few arguments to function wp_get_attachment_image(), 0 passed in /app/public/wp-content/themes/edread/template-parts/content-about.php on line 10 and at least 1 expected in /app/public/wp-includes/media.php:871
Stack trace:
#0 /app/public/wp-content/themes/edread/template-parts/content-about.php(10): wp_get_attachment_image()
#1 /app/public/wp-includes/template.php(690): require('/app/public/wp-...')
#2 /app/public/wp-includes/template.php(647): load_template('/app/public/wp-...', false)
#3 /app/public/wp-includes/general-template.php(155): locate_template(Array, true, false)
#4 /app/public/wp-content/themes/edread/about.php(25): get_template_part('template-parts/...')
#5 /app/public/wp-includes/template-loader.php(74): include('/app/public/wp-...')
#6 /app/public/wp-blog-header.php(19): require_once('/app/public/wp-...')
#7 /app/public/index.php(17): require('/app/public/wp-...')
#8 {main}
  thrown in /app/public/wp-includes/media.php on line 871
[28-Dec-2018 21:00:17 UTC] PHP Fatal error:  Uncaught ArgumentCountError: Too few arguments to function wp_get_attachment_image(), 0 passed in /app/public/wp-content/themes/edread/template-parts/content-about.php on line 10 and at least 1 expected in /app/public/wp-includes/media.php:871
Stack trace:
#0 /app/public/wp-content/themes/edread/template-parts/content-about.php(10): wp_get_attachment_image()
#1 /app/public/wp-includes/template.php(690): require('/app/public/wp-...')
#2 /app/public/wp-includes/template.php(647): load_template('/app/public/wp-...', false)
#3 /app/public/wp-includes/general-template.php(155): locate_template(Array, true, false)
#4 /app/public/wp-content/themes/edread/about.php(25): get_template_part('template-parts/...')
#5 /app/public/wp-includes/template-loader.php(74): include('/app/public/wp-...')
#6 /app/public/wp-blog-header.php(19): require_once('/app/public/wp-...')
#7 /app/public/index.php(17): require('/app/public/wp-...')
#8 {main}
  thrown in /app/public/wp-includes/media.php on line 871
[28-Dec-2018 21:00:40 UTC] PHP Fatal error:  Uncaught ArgumentCountError: Too few arguments to function wp_get_attachment_image(), 0 passed in /app/public/wp-content/themes/edread/template-parts/content-about.php on line 10 and at least 1 expected in /app/public/wp-includes/media.php:871
Stack trace:
#0 /app/public/wp-content/themes/edread/template-parts/content-about.php(10): wp_get_attachment_image()
#1 /app/public/wp-includes/template.php(690): require('/app/public/wp-...')
#2 /app/public/wp-includes/template.php(647): load_template('/app/public/wp-...', false)
#3 /app/public/wp-includes/general-template.php(155): locate_template(Array, true, false)
#4 /app/public/wp-content/themes/edread/about.php(25): get_template_part('template-parts/...')
#5 /app/public/wp-includes/template-loader.php(74): include('/app/public/wp-...')
#6 /app/public/wp-blog-header.php(19): require_once('/app/public/wp-...')
#7 /app/public/index.php(17): require('/app/public/wp-...')
#8 {main}
  thrown in /app/public/wp-includes/media.php on line 871
[28-Dec-2018 21:25:10 UTC] PHP Fatal error:  Uncaught Error: Call to undefined function nedread_post_thumbnail() in /app/public/wp-content/themes/edread/template-parts/content-about.php:32
Stack trace:
#0 /app/public/wp-includes/template.php(690): require()
#1 /app/public/wp-includes/template.php(647): load_template('/app/public/wp-...', false)
#2 /app/public/wp-includes/general-template.php(155): locate_template(Array, true, false)
#3 /app/public/wp-content/themes/edread/about.php(25): get_template_part('template-parts/...')
#4 /app/public/wp-includes/template-loader.php(74): include('/app/public/wp-...')
#5 /app/public/wp-blog-header.php(19): require_once('/app/public/wp-...')
#6 /app/public/index.php(17): require('/app/public/wp-...')
#7 {main}
  thrown in /app/public/wp-content/themes/edread/template-parts/content-about.php on line 32
[28-Dec-2018 22:03:02 UTC] PHP Fatal error:  Uncaught ArgumentCountError: Too few arguments to function wp_get_attachment_image(), 0 passed in /app/public/wp-content/themes/edread/template-parts/content-about.php on line 34 and at least 1 expected in /app/public/wp-includes/media.php:871
Stack trace:
#0 /app/public/wp-content/themes/edread/template-parts/content-about.php(34): wp_get_attachment_image()
#1 /app/public/wp-includes/template.php(690): require('/app/public/wp-...')
#2 /app/public/wp-includes/template.php(647): load_template('/app/public/wp-...', false)
#3 /app/public/wp-includes/general-template.php(155): locate_template(Array, true, false)
#4 /app/public/wp-content/themes/edread/about.php(25): get_template_part('template-parts/...')
#5 /app/public/wp-includes/template-loader.php(74): include('/app/public/wp-...')
#6 /app/public/wp-blog-header.php(19): require_once('/app/public/wp-...')
#7 /app/public/index.php(17): require('/app/public/wp-...')
#8 {main}
  thrown in /app/public/wp-includes/media.php on line 871
[30-Dec-2018 17:49:21 UTC] PHP Parse error:  syntax error, unexpected '=' in /app/public/wp-content/themes/edread/index.php on line 22
[16-Jan-2019 16:30:08 UTC] PHP Parse error:  syntax error, unexpected 'entry' (T_STRING), expecting ',' or ')' in /app/public/wp-content/themes/edread/template-parts/content-about.php on line 5
[16-Jan-2019 17:59:47 UTC] PHP Warning:  Invalid argument supplied for foreach() in /app/public/wp-content/themes/edread/template-parts/content-gallery.php on line 3
[16-Jan-2019 17:59:56 UTC] PHP Warning:  Invalid argument supplied for foreach() in /app/public/wp-content/themes/edread/template-parts/content-gallery.php on line 3
[16-Jan-2019 18:01:34 UTC] PHP Warning:  Invalid argument supplied for foreach() in /app/public/wp-content/themes/edread/template-parts/content-gallery.php on line 3
[16-Jan-2019 18:48:34 UTC] PHP Parse error:  syntax error, unexpected '<', expecting end of file in /app/public/wp-content/themes/edread/index.php on line 53
[16-Jan-2019 20:18:59 UTC] PHP Warning:  simplexml_load_file(http://ned-read.local/wp-content/uploads/2018/12/heart_white.svg): failed to open stream: HTTP request failed! HTTP/1.1 404 Not Found
 in /app/public/wp-content/plugins/svg-support/functions/attachment-modal.php on line 40
[16-Jan-2019 20:18:59 UTC] PHP Warning:  simplexml_load_file(): I/O warning : failed to load external entity "http://ned-read.local/wp-content/uploads/2018/12/heart_white.svg" in /app/public/wp-content/plugins/svg-support/functions/attachment-modal.php on line 40
[16-Jan-2019 20:20:02 UTC] PHP Warning:  simplexml_load_file(http://ned-read.local/wp-content/uploads/2018/12/heart_white.svg): failed to open stream: HTTP request failed! HTTP/1.1 404 Not Found
 in /app/public/wp-content/plugins/svg-support/functions/attachment-modal.php on line 40
[16-Jan-2019 20:20:02 UTC] PHP Warning:  simplexml_load_file(): I/O warning : failed to load external entity "http://ned-read.local/wp-content/uploads/2018/12/heart_white.svg" in /app/public/wp-content/plugins/svg-support/functions/attachment-modal.php on line 40
[16-Jan-2019 20:23:21 UTC] PHP Warning:  simplexml_load_file(http://ned-read.local/wp-content/uploads/2018/12/heart_white.svg): failed to open stream: HTTP request failed! HTTP/1.1 404 Not Found
 in /app/public/wp-content/plugins/svg-support/functions/attachment-modal.php on line 40
[16-Jan-2019 20:23:21 UTC] PHP Warning:  simplexml_load_file(): I/O warning : failed to load external entity "http://ned-read.local/wp-content/uploads/2018/12/heart_white.svg" in /app/public/wp-content/plugins/svg-support/functions/attachment-modal.php on line 40
[16-Jan-2019 20:26:47 UTC] PHP Warning:  simplexml_load_file(http://ned-read.local/wp-content/uploads/2018/12/heart_white.svg): failed to open stream: HTTP request failed! HTTP/1.1 404 Not Found
 in /app/public/wp-content/plugins/svg-support/functions/attachment-modal.php on line 40
[16-Jan-2019 20:26:47 UTC] PHP Warning:  simplexml_load_file(): I/O warning : failed to load external entity "http://ned-read.local/wp-content/uploads/2018/12/heart_white.svg" in /app/public/wp-content/plugins/svg-support/functions/attachment-modal.php on line 40
[17-Jan-2019 13:44:33 UTC] PHP Warning:  simplexml_load_file(http://ned-read.local/wp-content/uploads/2019/01/heart_white.svg): failed to open stream: HTTP request failed! HTTP/1.1 404 Not Found
 in /app/public/wp-content/plugins/svg-support/functions/attachment-modal.php on line 40
[17-Jan-2019 13:44:33 UTC] PHP Warning:  simplexml_load_file(): I/O warning : failed to load external entity "http://ned-read.local/wp-content/uploads/2019/01/heart_white.svg" in /app/public/wp-content/plugins/svg-support/functions/attachment-modal.php on line 40
[17-Jan-2019 14:11:19 UTC] PHP Warning:  simplexml_load_file(http://ned-read.local/wp-content/uploads/2019/01/heart_white.svg): failed to open stream: HTTP request failed! HTTP/1.1 404 Not Found
 in /app/public/wp-content/plugins/svg-support/functions/attachment-modal.php on line 40
[17-Jan-2019 14:11:19 UTC] PHP Warning:  simplexml_load_file(): I/O warning : failed to load external entity "http://ned-read.local/wp-content/uploads/2019/01/heart_white.svg" in /app/public/wp-content/plugins/svg-support/functions/attachment-modal.php on line 40
[17-Jan-2019 17:03:44 UTC] PHP Warning:  simplexml_load_file(http://ned-read.local/wp-content/uploads/2019/01/heart_white.svg): failed to open stream: HTTP request failed! HTTP/1.1 404 Not Found
 in /app/public/wp-content/plugins/svg-support/functions/attachment-modal.php on line 40
[17-Jan-2019 17:03:44 UTC] PHP Warning:  simplexml_load_file(): I/O warning : failed to load external entity "http://ned-read.local/wp-content/uploads/2019/01/heart_white.svg" in /app/public/wp-content/plugins/svg-support/functions/attachment-modal.php on line 40
[17-Jan-2019 17:21:17 UTC] PHP Warning:  simplexml_load_file(http://ned-read.local/wp-content/uploads/2019/01/heart_white.svg): failed to open stream: HTTP request failed! HTTP/1.1 404 Not Found
 in /app/public/wp-content/plugins/svg-support/functions/attachment-modal.php on line 40
[17-Jan-2019 17:21:17 UTC] PHP Warning:  simplexml_load_file(): I/O warning : failed to load external entity "http://ned-read.local/wp-content/uploads/2019/01/heart_white.svg" in /app/public/wp-content/plugins/svg-support/functions/attachment-modal.php on line 40
[17-Jan-2019 17:32:27 UTC] PHP Warning:  simplexml_load_file(http://ned-read.local/wp-content/uploads/2019/01/heart_white.svg): failed to open stream: HTTP request failed! HTTP/1.1 404 Not Found
 in /app/public/wp-content/plugins/svg-support/functions/attachment-modal.php on line 40
[17-Jan-2019 17:32:27 UTC] PHP Warning:  simplexml_load_file(): I/O warning : failed to load external entity "http://ned-read.local/wp-content/uploads/2019/01/heart_white.svg" in /app/public/wp-content/plugins/svg-support/functions/attachment-modal.php on line 40
